<?xml version="1.0" encoding="UTF-8"?>
<testsuite xmlns:xsi="http://www.w3.org/2001/XMLSchema-instance" xsi:noNamespaceSchemaLocation="https://maven.apache.org/surefire/maven-surefire-plugin/xsd/surefire-test-report-3.0.xsd" version="3.0" name="test.CalculatorTest" time="0.037" tests="13" errors="0" skipped="0" failures="0">
  <properties>
[...]
</properties>
  <testcase name="divide_basic" classname="test.CalculatorTest" time="0.014"/>
  <testcase name="divide_negative" classname="test.CalculatorTest" time="0.0"/>
  <testcase name="subtract_basic" classname="test.CalculatorTest" time="0.001"/>
  <testcase name="add_positive" classname="test.CalculatorTest" time="0.001"/>
  <testcase name="divide_notExact" classname="test.CalculatorTest" time="0.001"/>
  <testcase name="multiply_withNegative" classname="test.CalculatorTest" time="0.001"/>
  <testcase name="multiply_withZero" classname="test.CalculatorTest" time="0.001"/>
  <testcase name="divide_byZero_throws" classname="test.CalculatorTest" time="0.001"/>
  <testcase name="subtract_minusNegative" classname="test.CalculatorTest" time="0.001"/>
  <testcase name="add_withNegative" classname="test.CalculatorTest" time="0.001"/>
  <testcase name="subtract_withZero" classname="test.CalculatorTest" time="0.001"/>
  <testcase name="add_withZero" classname="test.CalculatorTest" time="0.0"/>
  <testcase name="multiply_basic" classname="test.CalculatorTest" time="0.0"/>
</testsuite>